mount: 'devices'->'/sys/fs/cgroup/devices': No such file or directory
mount: 'pids'->'/sys/fs/cgroup/pids': No such file or directory
time="2025-02-08T13:00:56.564803097Z" level=info msg="Starting up"
time="2025-02-08T13:00:56.576980328Z" level=warning msg="could not change group /data/data/com.termux/files/usr/var/run/docker.sock to docker: group docker not found"
time="2025-02-08T13:00:56.578106136Z" level=info msg="containerd not running, starting managed containerd"
time="2025-02-08T13:00:56.587933443Z" level=info msg="started new containerd process" address=/data/data/com.termux/files/usr/var/run/docker/containerd/containerd.sock module=libcontainerd pid=15163
time="2025-02-08T13:00:56Z" level=error msg="failure getting variant" error="getCPUInfo for OS android: not implemented"
time="2025-02-08T13:00:56.803727597Z" level=info msg="starting containerd" revision=3dce8eb055cbb6872793272b4f20ed16117344f8.m version=v1.6.21.m
time="2025-02-08T13:00:56.880388020Z" level=info msg="loading plugin \"io.containerd.snapshotter.v1.aufs\"..." type=io.containerd.snapshotter.v1
time="2025-02-08T13:00:56.901428059Z" level=info msg="skip loading plugin \"io.containerd.snapshotter.v1.aufs\"..." error="aufs is not supported (modprobe aufs failed: exit status 1 \"modprobe: Failed to scan dir /lib/modules/: No such file or directory\\n\"): skip plugin" type=io.containerd.snapshotter.v1
time="2025-02-08T13:00:56.901595328Z" level=info msg="loading plugin \"io.containerd.content.v1.content\"..." type=io.containerd.content.v1
time="2025-02-08T13:00:56.901736366Z" level=info msg="loading plugin \"io.containerd.snapshotter.v1.devmapper\"..." type=io.containerd.snapshotter.v1
time="2025-02-08T13:00:56.901814866Z" level=warning msg="failed to load plugin io.containerd.snapshotter.v1.devmapper" error="devmapper not configured"
time="2025-02-08T13:00:56.901865174Z" level=info msg="loading plugin \"io.containerd.snapshotter.v1.native\"..." type=io.containerd.snapshotter.v1
time="2025-02-08T13:00:56.902656635Z" level=info msg="loading plugin \"io.containerd.snapshotter.v1.overlayfs\"..." type=io.containerd.snapshotter.v1
time="2025-02-08T13:00:56.904009020Z" level=info msg="loading plugin \"io.containerd.snapshotter.v1.zfs\"..." type=io.containerd.snapshotter.v1
time="2025-02-08T13:00:56.907332482Z" level=info msg="skip loading plugin \"io.containerd.snapshotter.v1.zfs\"..." error="path /data/data/com.termux/files/usr/lib/docker/containerd/daemon/io.containerd.snapshotter.v1.zfs must be a zfs filesystem to be used with the zfs snapshotter: skip plugin" type=io.containerd.snapshotter.v1
time="2025-02-08T13:00:56.907456482Z" level=info msg="loading plugin \"io.containerd.metadata.v1.bolt\"..." type=io.containerd.metadata.v1
time="2025-02-08T13:00:56.907588020Z" level=warning msg="could not use snapshotter devmapper in metadata plugin" error="devmapper not configured"
time="2025-02-08T13:00:56.907649789Z" level=info msg="metadata content store policy set" policy=shared
time="2025-02-08T13:00:56.909241328Z" level=info msg="loading plugin \"io.containerd.differ.v1.walking\"..." type=io.containerd.differ.v1
time="2025-02-08T13:00:56.909412751Z" level=info msg="loading plugin \"io.containerd.event.v1.exchange\"..." type=io.containerd.event.v1
time="2025-02-08T13:00:56.909488597Z" level=info msg="loading plugin \"io.containerd.gc.v1.scheduler\"..." type=io.containerd.gc.v1
time="2025-02-08T13:00:56.909691405Z" level=info msg="loading plugin \"io.containerd.runtime.v2.task\"..." type=io.containerd.runtime.v2
time="2025-02-08T13:00:56.910423597Z" level=info msg="loading plugin \"io.containerd.internal.v1.opt\"..." type=io.containerd.internal.v1
time="2025-02-08T13:00:56.910865789Z" level=warning msg="failed to load plugin io.containerd.internal.v1.opt" error="mkdir /opt: read-only file system"
time="2025-02-08T13:00:56.910953635Z" level=info msg="loading plugin \"io.containerd.runtime.v1.linux\"..." type=io.containerd.runtime.v1
time="2025-02-08T13:00:56.911681674Z" level=info msg="loading plugin \"io.containerd.monitor.v1.cgroups\"..." type=io.containerd.monitor.v1
time="2025-02-08T13:00:56.913480905Z" level=info msg="loading plugin \"io.containerd.service.v1.containers-service\"..." type=io.containerd.service.v1
time="2025-02-08T13:00:56.913743020Z" level=info msg="loading plugin \"io.containerd.service.v1.content-service\"..." type=io.containerd.service.v1
time="2025-02-08T13:00:56.913849212Z" level=info msg="loading plugin \"io.containerd.service.v1.diff-service\"..." type=io.containerd.service.v1
time="2025-02-08T13:00:56.914540751Z" level=info msg="loading plugin \"io.containerd.service.v1.images-service\"..." type=io.containerd.service.v1
time="2025-02-08T13:00:56.914863905Z" level=info msg="loading plugin \"io.containerd.service.v1.introspection-service\"..." type=io.containerd.service.v1
time="2025-02-08T13:00:56.918815174Z" level=info msg="loading plugin \"io.containerd.service.v1.leases-service\"..." type=io.containerd.service.v1
time="2025-02-08T13:00:56.919023366Z" level=info msg="loading plugin \"io.containerd.service.v1.namespaces-service\"..." type=io.containerd.service.v1
time="2025-02-08T13:00:56.919111712Z" level=info msg="loading plugin \"io.containerd.service.v1.snapshots-service\"..." type=io.containerd.service.v1
time="2025-02-08T13:00:56.919180751Z" level=info msg="loading plugin \"io.containerd.service.v1.tasks-service\"..." type=io.containerd.service.v1
time="2025-02-08T13:00:56.919285135Z" level=info msg="loading plugin \"io.containerd.grpc.v1.containers\"..." type=io.containerd.grpc.v1
time="2025-02-08T13:00:56.919361520Z" level=info msg="loading plugin \"io.containerd.grpc.v1.content\"..." type=io.containerd.grpc.v1
time="2025-02-08T13:00:56.919432174Z" level=info msg="loading plugin \"io.containerd.grpc.v1.diff\"..." type=io.containerd.grpc.v1
time="2025-02-08T13:00:56.919502328Z" level=info msg="loading plugin \"io.containerd.grpc.v1.events\"..." type=io.containerd.grpc.v1
time="2025-02-08T13:00:56.919568943Z" level=info msg="loading plugin \"io.containerd.grpc.v1.images\"..." type=io.containerd.grpc.v1
time="2025-02-08T13:00:56.919639558Z" level=info msg="loading plugin \"io.containerd.grpc.v1.introspection\"..." type=io.containerd.grpc.v1
time="2025-02-08T13:00:56.919712405Z" level=info msg="loading plugin \"io.containerd.grpc.v1.leases\"..." type=io.containerd.grpc.v1
time="2025-02-08T13:00:56.919782905Z" level=info msg="loading plugin \"io.containerd.grpc.v1.namespaces\"..." type=io.containerd.grpc.v1
time="2025-02-08T13:00:56.919853443Z" level=info msg="loading plugin \"io.containerd.grpc.v1.snapshots\"..." type=io.containerd.grpc.v1
time="2025-02-08T13:00:56.919926443Z" level=info msg="loading plugin \"io.containerd.grpc.v1.tasks\"..." type=io.containerd.grpc.v1
time="2025-02-08T13:00:56.920010597Z" level=info msg="loading plugin \"io.containerd.grpc.v1.version\"..." type=io.containerd.grpc.v1
time="2025-02-08T13:00:56.920077443Z" level=info msg="loading plugin \"io.containerd.tracing.processor.v1.otlp\"..." type=io.containerd.tracing.processor.v1
time="2025-02-08T13:00:56.920162905Z" level=info msg="skip loading plugin \"io.containerd.tracing.processor.v1.otlp\"..." error="no OpenTelemetry endpoint: skip plugin" type=io.containerd.tracing.processor.v1
time="2025-02-08T13:00:56.920226597Z" level=info msg="loading plugin \"io.containerd.internal.v1.tracing\"..." type=io.containerd.internal.v1
time="2025-02-08T13:00:56.920309135Z" level=error msg="failed to initialize a tracing processor \"otlp\"" error="no OpenTelemetry endpoint: skip plugin"
time="2025-02-08T13:00:56.920493328Z" level=info msg="loading plugin \"io.containerd.internal.v1.restart\"..." type=io.containerd.internal.v1
time="2025-02-08T13:00:56.920859289Z" level=info msg="loading plugin \"io.containerd.grpc.v1.healthcheck\"..." type=io.containerd.grpc.v1
time="2025-02-08T13:00:56.922795097Z" level=info msg=serving... address=/data/data/com.termux/files/usr/var/run/docker/containerd/containerd-debug.sock
time="2025-02-08T13:00:56.923452828Z" level=info msg=serving... address=/data/data/com.termux/files/usr/var/run/docker/containerd/containerd.sock.ttrpc
time="2025-02-08T13:00:56.923770174Z" level=info msg=serving... address=/data/data/com.termux/files/usr/var/run/docker/containerd/containerd.sock
time="2025-02-08T13:00:56.923938482Z" level=info msg="containerd successfully booted in 0.124989s"
time="2025-02-08T13:00:56.978862289Z" level=info msg="[graphdriver] trying configured driver: overlay2"
time="2025-02-08T13:00:57.037752212Z" level=info msg="Loading containers: start."
time="2025-02-08T13:00:57.060630905Z" level=warning msg="Running modprobe bridge br_netfilter failed with message: modprobe: Failed to scan dir /lib/modules/: No such file or directory\n, error: exit status 1"
time="2025-02-08T13:00:57.737869673Z" level=error msg="Failed to create bridge docker0 via netlink" error="operation not supported"
time="2025-02-08T13:00:57.748681481Z" level=info msg="stopping event stream following graceful shutdown" error="<nil>" module=libcontainerd namespace=moby
time="2025-02-08T13:00:57.752939750Z" level=info msg="stopping event stream following graceful shutdown" error="context canceled" module=libcontainerd namespace=plugins.moby
time="2025-02-08T13:00:57.753042096Z" level=info msg="stopping healthcheck following graceful shutdown" module=libcontainerd
failed to start daemon: Error initializing network controller: error creating default "bridge" network: operation not supported
